Build output check failed:
    Regex: 'command[- ]line option .* is valid for .* but not for C'
    Output line: 'cc1: warning: command-line option ‘-Wnon-virtual-dtor’ is valid for C++/ObjC++ but not for C'
Compilation failed:
    source file: '/media/smile/3FA6E701592EA94E/prog/cudaAtScaleLib/gpa/third_party/bin/CMakeFiles/CMakeTmp/src.c'
    check option: ' -fsigned-char -W -Wall -Wreturn-type  -Wnon-virtual-dtor'
===== BUILD LOG =====
Change Dir: /media/smile/3FA6E701592EA94E/prog/cudaAtScaleLib/gpa/third_party/bin/CMakeFiles/CMakeTmp

Run Build Command(s):/usr/bin/gmake -f Makefile cmTC_52e22/fast && /usr/bin/gmake  -f CMakeFiles/cmTC_52e22.dir/build.make CMakeFiles/cmTC_52e22.dir/build
gmake[1]: Entering directory '/media/smile/3FA6E701592EA94E/prog/cudaAtScaleLib/gpa/third_party/bin/CMakeFiles/CMakeTmp'
Building C object CMakeFiles/cmTC_52e22.dir/src.c.o
/usr/bin/cc   -O3 -DNDEBUG -fPIE    -fsigned-char -W -Wall -Wreturn-type  -Wnon-virtual-dtor -o CMakeFiles/cmTC_52e22.dir/src.c.o -c /media/smile/3FA6E701592EA94E/prog/cudaAtScaleLib/gpa/third_party/bin/CMakeFiles/CMakeTmp/src.c
cc1: warning: command-line option ‘-Wnon-virtual-dtor’ is valid for C++/ObjC++ but not for C
/media/smile/3FA6E701592EA94E/prog/cudaAtScaleLib/gpa/third_party/bin/CMakeFiles/CMakeTmp/src.c:1: warning: ignoring ‘#pragma  ’ [-Wunknown-pragmas]
    1 | #pragma
      | 
Linking C executable cmTC_52e22
/usr/bin/cmake -E cmake_link_script CMakeFiles/cmTC_52e22.dir/link.txt --verbose=1
/usr/bin/cc -O3 -DNDEBUG CMakeFiles/cmTC_52e22.dir/src.c.o -o cmTC_52e22 
gmake[1]: Leaving directory '/media/smile/3FA6E701592EA94E/prog/cudaAtScaleLib/gpa/third_party/bin/CMakeFiles/CMakeTmp'


===== END =====

Build output check failed:
    Regex: 'command[- ]line option .* is valid for .* but not for C\+\+'
    Output line: 'cc1plus: warning: command-line option ‘-Wmissing-prototypes’ is valid for C/ObjC but not for C++'
Compilation failed:
    source file: '/media/smile/3FA6E701592EA94E/prog/cudaAtScaleLib/gpa/third_party/bin/CMakeFiles/CMakeTmp/src.cxx'
    check option: ' -fsigned-char -W -Wall -Wreturn-type -Wnon-virtual-dtor -Waddress -Wsequence-point -Wformat -Wformat-security -Wmissing-declarations  -Wmissing-prototypes'
===== BUILD LOG =====
Change Dir: /media/smile/3FA6E701592EA94E/prog/cudaAtScaleLib/gpa/third_party/bin/CMakeFiles/CMakeTmp

Run Build Command(s):/usr/bin/gmake -f Makefile cmTC_3cf6e/fast && /usr/bin/gmake  -f CMakeFiles/cmTC_3cf6e.dir/build.make CMakeFiles/cmTC_3cf6e.dir/build
gmake[1]: Entering directory '/media/smile/3FA6E701592EA94E/prog/cudaAtScaleLib/gpa/third_party/bin/CMakeFiles/CMakeTmp'
Building CXX object CMakeFiles/cmTC_3cf6e.dir/src.cxx.o
/usr/bin/c++   -O3 -DNDEBUG -fPIE    -fsigned-char -W -Wall -Wreturn-type -Wnon-virtual-dtor -Waddress -Wsequence-point -Wformat -Wformat-security -Wmissing-declarations  -Wmissing-prototypes -std=c++11 -o CMakeFiles/cmTC_3cf6e.dir/src.cxx.o -c /media/smile/3FA6E701592EA94E/prog/cudaAtScaleLib/gpa/third_party/bin/CMakeFiles/CMakeTmp/src.cxx
cc1plus: warning: command-line option ‘-Wmissing-prototypes’ is valid for C/ObjC but not for C++
/media/smile/3FA6E701592EA94E/prog/cudaAtScaleLib/gpa/third_party/bin/CMakeFiles/CMakeTmp/src.cxx:1: warning: ignoring ‘#pragma  ’ [-Wunknown-pragmas]
    1 | #pragma
      | 
Linking CXX executable cmTC_3cf6e
/usr/bin/cmake -E cmake_link_script CMakeFiles/cmTC_3cf6e.dir/link.txt --verbose=1
/usr/bin/c++ -O3 -DNDEBUG CMakeFiles/cmTC_3cf6e.dir/src.cxx.o -o cmTC_3cf6e 
gmake[1]: Leaving directory '/media/smile/3FA6E701592EA94E/prog/cudaAtScaleLib/gpa/third_party/bin/CMakeFiles/CMakeTmp'


===== END =====

Build output check failed:
    Regex: 'command[- ]line option .* is valid for .* but not for C\+\+'
    Output line: 'cc1plus: warning: command-line option ‘-Wstrict-prototypes’ is valid for C/ObjC but not for C++'
Compilation failed:
    source file: '/media/smile/3FA6E701592EA94E/prog/cudaAtScaleLib/gpa/third_party/bin/CMakeFiles/CMakeTmp/src.cxx'
    check option: ' -fsigned-char -W -Wall -Wreturn-type -Wnon-virtual-dtor -Waddress -Wsequence-point -Wformat -Wformat-security -Wmissing-declarations  -Wstrict-prototypes'
===== BUILD LOG =====
Change Dir: /media/smile/3FA6E701592EA94E/prog/cudaAtScaleLib/gpa/third_party/bin/CMakeFiles/CMakeTmp

Run Build Command(s):/usr/bin/gmake -f Makefile cmTC_85f5b/fast && /usr/bin/gmake  -f CMakeFiles/cmTC_85f5b.dir/build.make CMakeFiles/cmTC_85f5b.dir/build
gmake[1]: Entering directory '/media/smile/3FA6E701592EA94E/prog/cudaAtScaleLib/gpa/third_party/bin/CMakeFiles/CMakeTmp'
Building CXX object CMakeFiles/cmTC_85f5b.dir/src.cxx.o
/usr/bin/c++   -O3 -DNDEBUG -fPIE    -fsigned-char -W -Wall -Wreturn-type -Wnon-virtual-dtor -Waddress -Wsequence-point -Wformat -Wformat-security -Wmissing-declarations  -Wstrict-prototypes -std=c++11 -o CMakeFiles/cmTC_85f5b.dir/src.cxx.o -c /media/smile/3FA6E701592EA94E/prog/cudaAtScaleLib/gpa/third_party/bin/CMakeFiles/CMakeTmp/src.cxx
cc1plus: warning: command-line option ‘-Wstrict-prototypes’ is valid for C/ObjC but not for C++
/media/smile/3FA6E701592EA94E/prog/cudaAtScaleLib/gpa/third_party/bin/CMakeFiles/CMakeTmp/src.cxx:1: warning: ignoring ‘#pragma  ’ [-Wunknown-pragmas]
    1 | #pragma
      | 
Linking CXX executable cmTC_85f5b
/usr/bin/cmake -E cmake_link_script CMakeFiles/cmTC_85f5b.dir/link.txt --verbose=1
/usr/bin/c++ -O3 -DNDEBUG CMakeFiles/cmTC_85f5b.dir/src.cxx.o -o cmTC_85f5b 
gmake[1]: Leaving directory '/media/smile/3FA6E701592EA94E/prog/cudaAtScaleLib/gpa/third_party/bin/CMakeFiles/CMakeTmp'


===== END =====

Build output check failed:
    Regex: 'command[- ]line option .* is valid for .* but not for C'
    Output line: 'cc1: warning: command-line option ‘-Wsign-promo’ is valid for C++/ObjC++ but not for C'
Compilation failed:
    source file: '/media/smile/3FA6E701592EA94E/prog/cudaAtScaleLib/gpa/third_party/bin/CMakeFiles/CMakeTmp/src.c'
    check option: ' -fsigned-char -W -Wall -Wreturn-type -Waddress -Wsequence-point -Wformat -Wformat-security -Wmissing-declarations -Wmissing-prototypes -Wstrict-prototypes -Wundef -Winit-self -Wpointer-arith -Wshadow  -Wsign-promo'
===== BUILD LOG =====
Change Dir: /media/smile/3FA6E701592EA94E/prog/cudaAtScaleLib/gpa/third_party/bin/CMakeFiles/CMakeTmp

Run Build Command(s):/usr/bin/gmake -f Makefile cmTC_f610b/fast && /usr/bin/gmake  -f CMakeFiles/cmTC_f610b.dir/build.make CMakeFiles/cmTC_f610b.dir/build
gmake[1]: Entering directory '/media/smile/3FA6E701592EA94E/prog/cudaAtScaleLib/gpa/third_party/bin/CMakeFiles/CMakeTmp'
Building C object CMakeFiles/cmTC_f610b.dir/src.c.o
/usr/bin/cc   -O3 -DNDEBUG -fPIE    -fsigned-char -W -Wall -Wreturn-type -Waddress -Wsequence-point -Wformat -Wformat-security -Wmissing-declarations -Wmissing-prototypes -Wstrict-prototypes -Wundef -Winit-self -Wpointer-arith -Wshadow  -Wsign-promo -o CMakeFiles/cmTC_f610b.dir/src.c.o -c /media/smile/3FA6E701592EA94E/prog/cudaAtScaleLib/gpa/third_party/bin/CMakeFiles/CMakeTmp/src.c
cc1: warning: command-line option ‘-Wsign-promo’ is valid for C++/ObjC++ but not for C
/media/smile/3FA6E701592EA94E/prog/cudaAtScaleLib/gpa/third_party/bin/CMakeFiles/CMakeTmp/src.c:1: warning: ignoring ‘#pragma  ’ [-Wunknown-pragmas]
    1 | #pragma
      | 
Linking C executable cmTC_f610b
/usr/bin/cmake -E cmake_link_script CMakeFiles/cmTC_f610b.dir/link.txt --verbose=1
/usr/bin/cc -O3 -DNDEBUG CMakeFiles/cmTC_f610b.dir/src.c.o -o cmTC_f610b 
gmake[1]: Leaving directory '/media/smile/3FA6E701592EA94E/prog/cudaAtScaleLib/gpa/third_party/bin/CMakeFiles/CMakeTmp'


===== END =====

Build output check failed:
    Regex: 'command[- ]line option .* is valid for .* but not for C'
    Output line: 'cc1: warning: command-line option ‘-Wsuggest-override’ is valid for C++/ObjC++ but not for C'
Compilation failed:
    source file: '/media/smile/3FA6E701592EA94E/prog/cudaAtScaleLib/gpa/third_party/bin/CMakeFiles/CMakeTmp/src.c'
    check option: ' -fsigned-char -W -Wall -Wreturn-type -Waddress -Wsequence-point -Wformat -Wformat-security -Wmissing-declarations -Wmissing-prototypes -Wstrict-prototypes -Wundef -Winit-self -Wpointer-arith -Wshadow -Wuninitialized  -Wsuggest-override'
===== BUILD LOG =====
Change Dir: /media/smile/3FA6E701592EA94E/prog/cudaAtScaleLib/gpa/third_party/bin/CMakeFiles/CMakeTmp

Run Build Command(s):/usr/bin/gmake -f Makefile cmTC_22556/fast && /usr/bin/gmake  -f CMakeFiles/cmTC_22556.dir/build.make CMakeFiles/cmTC_22556.dir/build
gmake[1]: Entering directory '/media/smile/3FA6E701592EA94E/prog/cudaAtScaleLib/gpa/third_party/bin/CMakeFiles/CMakeTmp'
Building C object CMakeFiles/cmTC_22556.dir/src.c.o
/usr/bin/cc   -O3 -DNDEBUG -fPIE    -fsigned-char -W -Wall -Wreturn-type -Waddress -Wsequence-point -Wformat -Wformat-security -Wmissing-declarations -Wmissing-prototypes -Wstrict-prototypes -Wundef -Winit-self -Wpointer-arith -Wshadow -Wuninitialized  -Wsuggest-override -o CMakeFiles/cmTC_22556.dir/src.c.o -c /media/smile/3FA6E701592EA94E/prog/cudaAtScaleLib/gpa/third_party/bin/CMakeFiles/CMakeTmp/src.c
cc1: warning: command-line option ‘-Wsuggest-override’ is valid for C++/ObjC++ but not for C
/media/smile/3FA6E701592EA94E/prog/cudaAtScaleLib/gpa/third_party/bin/CMakeFiles/CMakeTmp/src.c:1: warning: ignoring ‘#pragma  ’ [-Wunknown-pragmas]
    1 | #pragma
      | 
Linking C executable cmTC_22556
/usr/bin/cmake -E cmake_link_script CMakeFiles/cmTC_22556.dir/link.txt --verbose=1
/usr/bin/cc -O3 -DNDEBUG CMakeFiles/cmTC_22556.dir/src.c.o -o cmTC_22556 
gmake[1]: Leaving directory '/media/smile/3FA6E701592EA94E/prog/cudaAtScaleLib/gpa/third_party/bin/CMakeFiles/CMakeTmp'


===== END =====

Build output check failed:
    Regex: 'command[- ]line option .* is valid for .* but not for C'
    Output line: 'cc1: warning: command-line option ‘-Wno-delete-non-virtual-dtor’ is valid for C++/ObjC++ but not for C'
Compilation failed:
    source file: '/media/smile/3FA6E701592EA94E/prog/cudaAtScaleLib/gpa/third_party/bin/CMakeFiles/CMakeTmp/src.c'
    check option: ' -fsigned-char -W -Wall -Wreturn-type -Waddress -Wsequence-point -Wformat -Wformat-security -Wmissing-declarations -Wmissing-prototypes -Wstrict-prototypes -Wundef -Winit-self -Wpointer-arith -Wshadow -Wuninitialized  -Wno-delete-non-virtual-dtor'
===== BUILD LOG =====
Change Dir: /media/smile/3FA6E701592EA94E/prog/cudaAtScaleLib/gpa/third_party/bin/CMakeFiles/CMakeTmp

Run Build Command(s):/usr/bin/gmake -f Makefile cmTC_ae04e/fast && /usr/bin/gmake  -f CMakeFiles/cmTC_ae04e.dir/build.make CMakeFiles/cmTC_ae04e.dir/build
gmake[1]: Entering directory '/media/smile/3FA6E701592EA94E/prog/cudaAtScaleLib/gpa/third_party/bin/CMakeFiles/CMakeTmp'
Building C object CMakeFiles/cmTC_ae04e.dir/src.c.o
/usr/bin/cc   -O3 -DNDEBUG -fPIE    -fsigned-char -W -Wall -Wreturn-type -Waddress -Wsequence-point -Wformat -Wformat-security -Wmissing-declarations -Wmissing-prototypes -Wstrict-prototypes -Wundef -Winit-self -Wpointer-arith -Wshadow -Wuninitialized  -Wno-delete-non-virtual-dtor -o CMakeFiles/cmTC_ae04e.dir/src.c.o -c /media/smile/3FA6E701592EA94E/prog/cudaAtScaleLib/gpa/third_party/bin/CMakeFiles/CMakeTmp/src.c
cc1: warning: command-line option ‘-Wno-delete-non-virtual-dtor’ is valid for C++/ObjC++ but not for C
/media/smile/3FA6E701592EA94E/prog/cudaAtScaleLib/gpa/third_party/bin/CMakeFiles/CMakeTmp/src.c:1: warning: ignoring ‘#pragma  ’ [-Wunknown-pragmas]
    1 | #pragma
      | 
Linking C executable cmTC_ae04e
/usr/bin/cmake -E cmake_link_script CMakeFiles/cmTC_ae04e.dir/link.txt --verbose=1
/usr/bin/cc -O3 -DNDEBUG CMakeFiles/cmTC_ae04e.dir/src.c.o -o cmTC_ae04e 
gmake[1]: Leaving directory '/media/smile/3FA6E701592EA94E/prog/cudaAtScaleLib/gpa/third_party/bin/CMakeFiles/CMakeTmp'


===== END =====

Build output check failed:
    Regex: 'unrecognized .*option'
    Output line: 'cc1plus: note: unrecognized command-line option ‘-Wno-unnamed-type-template-args’ may have been intended to silence earlier diagnostics'
Compilation failed:
    source file: '/media/smile/3FA6E701592EA94E/prog/cudaAtScaleLib/gpa/third_party/bin/CMakeFiles/CMakeTmp/src.cxx'
    check option: ' -fsigned-char -W -Wall -Wreturn-type -Wnon-virtual-dtor -Waddress -Wsequence-point -Wformat -Wformat-security -Wmissing-declarations -Wundef -Winit-self -Wpointer-arith -Wshadow -Wsign-promo -Wuninitialized -Wsuggest-override -Wno-delete-non-virtual-dtor  -Wno-unnamed-type-template-args'
===== BUILD LOG =====
Change Dir: /media/smile/3FA6E701592EA94E/prog/cudaAtScaleLib/gpa/third_party/bin/CMakeFiles/CMakeTmp

Run Build Command(s):/usr/bin/gmake -f Makefile cmTC_fea8d/fast && /usr/bin/gmake  -f CMakeFiles/cmTC_fea8d.dir/build.make CMakeFiles/cmTC_fea8d.dir/build
gmake[1]: Entering directory '/media/smile/3FA6E701592EA94E/prog/cudaAtScaleLib/gpa/third_party/bin/CMakeFiles/CMakeTmp'
Building CXX object CMakeFiles/cmTC_fea8d.dir/src.cxx.o
/usr/bin/c++   -O3 -DNDEBUG -fPIE    -fsigned-char -W -Wall -Wreturn-type -Wnon-virtual-dtor -Waddress -Wsequence-point -Wformat -Wformat-security -Wmissing-declarations -Wundef -Winit-self -Wpointer-arith -Wshadow -Wsign-promo -Wuninitialized -Wsuggest-override -Wno-delete-non-virtual-dtor  -Wno-unnamed-type-template-args -std=c++11 -o CMakeFiles/cmTC_fea8d.dir/src.cxx.o -c /media/smile/3FA6E701592EA94E/prog/cudaAtScaleLib/gpa/third_party/bin/CMakeFiles/CMakeTmp/src.cxx
/media/smile/3FA6E701592EA94E/prog/cudaAtScaleLib/gpa/third_party/bin/CMakeFiles/CMakeTmp/src.cxx:1: warning: ignoring ‘#pragma  ’ [-Wunknown-pragmas]
    1 | #pragma
      | 
cc1plus: note: unrecognized command-line option ‘-Wno-unnamed-type-template-args’ may have been intended to silence earlier diagnostics
Linking CXX executable cmTC_fea8d
/usr/bin/cmake -E cmake_link_script CMakeFiles/cmTC_fea8d.dir/link.txt --verbose=1
/usr/bin/c++ -O3 -DNDEBUG CMakeFiles/cmTC_fea8d.dir/src.cxx.o -o cmTC_fea8d 
gmake[1]: Leaving directory '/media/smile/3FA6E701592EA94E/prog/cudaAtScaleLib/gpa/third_party/bin/CMakeFiles/CMakeTmp'


===== END =====

Build output check failed:
    Regex: 'unrecognized .*option'
    Output line: 'cc1: note: unrecognized command-line option ‘-Wno-unnamed-type-template-args’ may have been intended to silence earlier diagnostics'
Compilation failed:
    source file: '/media/smile/3FA6E701592EA94E/prog/cudaAtScaleLib/gpa/third_party/bin/CMakeFiles/CMakeTmp/src.c'
    check option: ' -fsigned-char -W -Wall -Wreturn-type -Waddress -Wsequence-point -Wformat -Wformat-security -Wmissing-declarations -Wmissing-prototypes -Wstrict-prototypes -Wundef -Winit-self -Wpointer-arith -Wshadow -Wuninitialized  -Wno-unnamed-type-template-args'
===== BUILD LOG =====
Change Dir: /media/smile/3FA6E701592EA94E/prog/cudaAtScaleLib/gpa/third_party/bin/CMakeFiles/CMakeTmp

Run Build Command(s):/usr/bin/gmake -f Makefile cmTC_eb664/fast && /usr/bin/gmake  -f CMakeFiles/cmTC_eb664.dir/build.make CMakeFiles/cmTC_eb664.dir/build
gmake[1]: Entering directory '/media/smile/3FA6E701592EA94E/prog/cudaAtScaleLib/gpa/third_party/bin/CMakeFiles/CMakeTmp'
Building C object CMakeFiles/cmTC_eb664.dir/src.c.o
/usr/bin/cc   -O3 -DNDEBUG -fPIE    -fsigned-char -W -Wall -Wreturn-type -Waddress -Wsequence-point -Wformat -Wformat-security -Wmissing-declarations -Wmissing-prototypes -Wstrict-prototypes -Wundef -Winit-self -Wpointer-arith -Wshadow -Wuninitialized  -Wno-unnamed-type-template-args -o CMakeFiles/cmTC_eb664.dir/src.c.o -c /media/smile/3FA6E701592EA94E/prog/cudaAtScaleLib/gpa/third_party/bin/CMakeFiles/CMakeTmp/src.c
/media/smile/3FA6E701592EA94E/prog/cudaAtScaleLib/gpa/third_party/bin/CMakeFiles/CMakeTmp/src.c:1: warning: ignoring ‘#pragma  ’ [-Wunknown-pragmas]
    1 | #pragma
      | 
cc1: note: unrecognized command-line option ‘-Wno-unnamed-type-template-args’ may have been intended to silence earlier diagnostics
Linking C executable cmTC_eb664
/usr/bin/cmake -E cmake_link_script CMakeFiles/cmTC_eb664.dir/link.txt --verbose=1
/usr/bin/cc -O3 -DNDEBUG CMakeFiles/cmTC_eb664.dir/src.c.o -o cmTC_eb664 
gmake[1]: Leaving directory '/media/smile/3FA6E701592EA94E/prog/cudaAtScaleLib/gpa/third_party/bin/CMakeFiles/CMakeTmp'


===== END =====

Build output check failed:
    Regex: 'command[- ]line option .* is valid for .* but not for C'
    Output line: 'cc1: warning: command-line option ‘-fvisibility-inlines-hidden’ is valid for C++/ObjC++ but not for C'
Compilation failed:
    source file: '/media/smile/3FA6E701592EA94E/prog/cudaAtScaleLib/gpa/third_party/bin/CMakeFiles/CMakeTmp/src.c'
    check option: ' -fsigned-char -W -Wall -Wreturn-type -Waddress -Wsequence-point -Wformat -Wformat-security -Wmissing-declarations -Wmissing-prototypes -Wstrict-prototypes -Wundef -Winit-self -Wpointer-arith -Wshadow -Wuninitialized -Wno-comment -Wimplicit-fallthrough=3 -Wno-strict-overflow -fdiagnostics-show-option -Wno-long-long -pthread -fomit-frame-pointer -ffunction-sections -fdata-sections  -msse -msse2 -msse3 -mssse3 -msse4.1 -mpopcnt -msse4.2 -mf16c -mfma -mavx -mavx2 -fvisibility=hidden  -fvisibility-inlines-hidden'
===== BUILD LOG =====
Change Dir: /media/smile/3FA6E701592EA94E/prog/cudaAtScaleLib/gpa/third_party/bin/CMakeFiles/CMakeTmp

Run Build Command(s):/usr/bin/gmake -f Makefile cmTC_30ed5/fast && /usr/bin/gmake  -f CMakeFiles/cmTC_30ed5.dir/build.make CMakeFiles/cmTC_30ed5.dir/build
gmake[1]: Entering directory '/media/smile/3FA6E701592EA94E/prog/cudaAtScaleLib/gpa/third_party/bin/CMakeFiles/CMakeTmp'
Building C object CMakeFiles/cmTC_30ed5.dir/src.c.o
/usr/bin/cc   -O3 -DNDEBUG -fPIE    -fsigned-char -W -Wall -Wreturn-type -Waddress -Wsequence-point -Wformat -Wformat-security -Wmissing-declarations -Wmissing-prototypes -Wstrict-prototypes -Wundef -Winit-self -Wpointer-arith -Wshadow -Wuninitialized -Wno-comment -Wimplicit-fallthrough=3 -Wno-strict-overflow -fdiagnostics-show-option -Wno-long-long -pthread -fomit-frame-pointer -ffunction-sections -fdata-sections  -msse -msse2 -msse3 -mssse3 -msse4.1 -mpopcnt -msse4.2 -mf16c -mfma -mavx -mavx2 -fvisibility=hidden  -fvisibility-inlines-hidden -o CMakeFiles/cmTC_30ed5.dir/src.c.o -c /media/smile/3FA6E701592EA94E/prog/cudaAtScaleLib/gpa/third_party/bin/CMakeFiles/CMakeTmp/src.c
cc1: warning: command-line option ‘-fvisibility-inlines-hidden’ is valid for C++/ObjC++ but not for C
/media/smile/3FA6E701592EA94E/prog/cudaAtScaleLib/gpa/third_party/bin/CMakeFiles/CMakeTmp/src.c:1: warning: ignoring ‘#pragma  ’ [-Wunknown-pragmas]
    1 | #pragma
      | 
Linking C executable cmTC_30ed5
/usr/bin/cmake -E cmake_link_script CMakeFiles/cmTC_30ed5.dir/link.txt --verbose=1
/usr/bin/cc -O3 -DNDEBUG CMakeFiles/cmTC_30ed5.dir/src.c.o -o cmTC_30ed5 
gmake[1]: Leaving directory '/media/smile/3FA6E701592EA94E/prog/cudaAtScaleLib/gpa/third_party/bin/CMakeFiles/CMakeTmp'


===== END =====

Determining size of off64_t failed with the following output:
Change Dir: /media/smile/3FA6E701592EA94E/prog/cudaAtScaleLib/gpa/third_party/bin/CMakeFiles/CMakeTmp

Run Build Command(s):/usr/bin/gmake -f Makefile cmTC_d71a0/fast && /usr/bin/gmake  -f CMakeFiles/cmTC_d71a0.dir/build.make CMakeFiles/cmTC_d71a0.dir/build
gmake[1]: Entering directory '/media/smile/3FA6E701592EA94E/prog/cudaAtScaleLib/gpa/third_party/bin/CMakeFiles/CMakeTmp'
Building C object CMakeFiles/cmTC_d71a0.dir/OFF64_T.c.o
/usr/bin/cc   -fsigned-char -W -Wall -Wreturn-type -Waddress -Wsequence-point -Wformat -Wformat-security -Wmissing-declarations -Wmissing-prototypes -Wstrict-prototypes -Wundef -Winit-self -Wpointer-arith -Wshadow -Wuninitialized -Wno-comment -Wimplicit-fallthrough=3 -Wno-strict-overflow -fdiagnostics-show-option -Wno-long-long -pthread -fomit-frame-pointer -ffunction-sections -fdata-sections  -msse -msse2 -msse3 -mssse3 -msse4.1 -mpopcnt -msse4.2 -mf16c -mfma -mavx -mavx2 -fvisibility=hidden  -O3 -DNDEBUG  -DNDEBUG -fPIE -o CMakeFiles/cmTC_d71a0.dir/OFF64_T.c.o -c /media/smile/3FA6E701592EA94E/prog/cudaAtScaleLib/gpa/third_party/bin/CMakeFiles/CheckTypeSize/OFF64_T.c
/media/smile/3FA6E701592EA94E/prog/cudaAtScaleLib/gpa/third_party/bin/CMakeFiles/CheckTypeSize/OFF64_T.c:27:22: error: ‘off64_t’ undeclared here (not in a function); did you mean ‘off_t’?
   27 | #define SIZE (sizeof(off64_t))
      |                      ^~~~~~~
/media/smile/3FA6E701592EA94E/prog/cudaAtScaleLib/gpa/third_party/bin/CMakeFiles/CheckTypeSize/OFF64_T.c:29:12: note: in expansion of macro ‘SIZE’
   29 |   ('0' + ((SIZE / 10000)%10)),
      |            ^~~~
gmake[1]: *** [CMakeFiles/cmTC_d71a0.dir/build.make:78: CMakeFiles/cmTC_d71a0.dir/OFF64_T.c.o] Error 1
gmake[1]: Leaving directory '/media/smile/3FA6E701592EA94E/prog/cudaAtScaleLib/gpa/third_party/bin/CMakeFiles/CMakeTmp'
gmake: *** [Makefile:127: cmTC_d71a0/fast] Error 2


/media/smile/3FA6E701592EA94E/prog/cudaAtScaleLib/gpa/third_party/bin/CMakeFiles/CheckTypeSize/OFF64_T.c:
#include <sys/types.h>
#include <stdint.h>
#include <stddef.h>


#undef KEY
#if defined(__i386)
# define KEY '_','_','i','3','8','6'
#elif defined(__x86_64)
# define KEY '_','_','x','8','6','_','6','4'
#elif defined(__PPC64__)
# define KEY '_','_','P','P','C','6','4','_','_'
#elif defined(__ppc64__)
# define KEY '_','_','p','p','c','6','4','_','_'
#elif defined(__PPC__)
# define KEY '_','_','P','P','C','_','_'
#elif defined(__ppc__)
# define KEY '_','_','p','p','c','_','_'
#elif defined(__aarch64__)
# define KEY '_','_','a','a','r','c','h','6','4','_','_'
#elif defined(__ARM_ARCH_7A__)
# define KEY '_','_','A','R','M','_','A','R','C','H','_','7','A','_','_'
#elif defined(__ARM_ARCH_7S__)
# define KEY '_','_','A','R','M','_','A','R','C','H','_','7','S','_','_'
#endif

#define SIZE (sizeof(off64_t))
static char info_size[] =  {'I', 'N', 'F', 'O', ':', 's','i','z','e','[',
  ('0' + ((SIZE / 10000)%10)),
  ('0' + ((SIZE / 1000)%10)),
  ('0' + ((SIZE / 100)%10)),
  ('0' + ((SIZE / 10)%10)),
  ('0' +  (SIZE    % 10)),
  ']',
#ifdef KEY
  ' ','k','e','y','[', KEY, ']',
#endif
  '\0'};

#ifdef __CLASSIC_C__
int main(argc, argv) int argc; char *argv[];
#else
int main(int argc, char *argv[])
#endif
{
  int require = 0;
  require += info_size[argc];
  (void)argv;
  return require;
}


Build output check failed:
    Regex: 'unrecognized .*option'
    Output line: 'cc1: note: unrecognized command-line option ‘-Wno-shorten-64-to-32’ may have been intended to silence earlier diagnostics'
Compilation failed:
    source file: '/media/smile/3FA6E701592EA94E/prog/cudaAtScaleLib/gpa/third_party/bin/CMakeFiles/CMakeTmp/src.c'
    check option: ' -Wno-shorten-64-to-32'
===== BUILD LOG =====
Change Dir: /media/smile/3FA6E701592EA94E/prog/cudaAtScaleLib/gpa/third_party/bin/CMakeFiles/CMakeTmp

Run Build Command(s):/usr/bin/gmake -f Makefile cmTC_159a7/fast && /usr/bin/gmake  -f CMakeFiles/cmTC_159a7.dir/build.make CMakeFiles/cmTC_159a7.dir/build
gmake[1]: Entering directory '/media/smile/3FA6E701592EA94E/prog/cudaAtScaleLib/gpa/third_party/bin/CMakeFiles/CMakeTmp'
Building C object CMakeFiles/cmTC_159a7.dir/src.c.o
/usr/bin/cc   -fsigned-char -W -Wall -Wreturn-type -Waddress -Wsequence-point -Wformat -Wformat-security -Wmissing-declarations -Wmissing-prototypes -Wstrict-prototypes -Wundef -Winit-self -Wpointer-arith -Wshadow -Wuninitialized -Wno-comment -Wimplicit-fallthrough=3 -Wno-strict-overflow -fdiagnostics-show-option -Wno-long-long -pthread -fomit-frame-pointer -ffunction-sections -fdata-sections  -msse -msse2 -msse3 -mssse3 -msse4.1 -mpopcnt -msse4.2 -mf16c -mfma -mavx -mavx2 -fvisibility=hidden  -O3 -DNDEBUG  -DNDEBUG -fPIE    -Wno-shorten-64-to-32 -o CMakeFiles/cmTC_159a7.dir/src.c.o -c /media/smile/3FA6E701592EA94E/prog/cudaAtScaleLib/gpa/third_party/bin/CMakeFiles/CMakeTmp/src.c
/media/smile/3FA6E701592EA94E/prog/cudaAtScaleLib/gpa/third_party/bin/CMakeFiles/CMakeTmp/src.c:1: warning: ignoring ‘#pragma  ’ [-Wunknown-pragmas]
    1 | #pragma
      | 
cc1: note: unrecognized command-line option ‘-Wno-shorten-64-to-32’ may have been intended to silence earlier diagnostics
Linking C executable cmTC_159a7
/usr/bin/cmake -E cmake_link_script CMakeFiles/cmTC_159a7.dir/link.txt --verbose=1
/usr/bin/cc    -fsigned-char -W -Wall -Wreturn-type -Waddress -Wsequence-point -Wformat -Wformat-security -Wmissing-declarations -Wmissing-prototypes -Wstrict-prototypes -Wundef -Winit-self -Wpointer-arith -Wshadow -Wuninitialized -Wno-comment -Wimplicit-fallthrough=3 -Wno-strict-overflow -fdiagnostics-show-option -Wno-long-long -pthread -fomit-frame-pointer -ffunction-sections -fdata-sections  -msse -msse2 -msse3 -mssse3 -msse4.1 -mpopcnt -msse4.2 -mf16c -mfma -mavx -mavx2 -fvisibility=hidden  -O3 -DNDEBUG  -DNDEBUG   -Wl,--gc-sections -Wl,--as-needed -Wl,--no-undefined  CMakeFiles/cmTC_159a7.dir/src.c.o -o cmTC_159a7 
gmake[1]: Leaving directory '/media/smile/3FA6E701592EA94E/prog/cudaAtScaleLib/gpa/third_party/bin/CMakeFiles/CMakeTmp'


===== END =====

Looking for a ASM_NASM compiler failed with the following output:
-- The ASM_NASM compiler identification is unknown
-- Didn't find assembler
CMake Error at CMakeLists.txt:2 (project):
  No CMAKE_ASM_NASM_COMPILER could be found.

  Tell CMake where to find the compiler by setting either the environment
  variable "ASM_NASM" or the CMake cache entry CMAKE_ASM_NASM_COMPILER to the
  full path to the compiler, or to the compiler name if it is in the PATH.


-- Configuring incomplete, errors occurred!
See also "/media/smile/3FA6E701592EA94E/prog/cudaAtScaleLib/gpa/third_party/bin/3rdparty/libjpeg-turbo/src/simd/CMakeFiles/CheckASM_NASM/CMakeFiles/CMakeOutput.log".
See also "/media/smile/3FA6E701592EA94E/prog/cudaAtScaleLib/gpa/third_party/bin/3rdparty/libjpeg-turbo/src/simd/CMakeFiles/CheckASM_NASM/CMakeFiles/CMakeError.log".

Determining if the include file io.h exists failed with the following output:
Change Dir: /media/smile/3FA6E701592EA94E/prog/cudaAtScaleLib/gpa/third_party/bin/CMakeFiles/CMakeTmp

Run Build Command(s):/usr/bin/gmake -f Makefile cmTC_08d11/fast && /usr/bin/gmake  -f CMakeFiles/cmTC_08d11.dir/build.make CMakeFiles/cmTC_08d11.dir/build
gmake[1]: Entering directory '/media/smile/3FA6E701592EA94E/prog/cudaAtScaleLib/gpa/third_party/bin/CMakeFiles/CMakeTmp'
Building C object CMakeFiles/cmTC_08d11.dir/CheckIncludeFile.c.o
/usr/bin/cc   -fsigned-char -W -Wall -Wreturn-type -Waddress -Wsequence-point -Wformat -Wformat-security -Wmissing-declarations -Wmissing-prototypes -Wstrict-prototypes -Wundef -Winit-self -Wpointer-arith -Wshadow -Wuninitialized -Wno-comment -Wimplicit-fallthrough=3 -Wno-strict-overflow -fdiagnostics-show-option -Wno-long-long -pthread -fomit-frame-pointer -ffunction-sections -fdata-sections  -msse -msse2 -msse3 -mssse3 -msse4.1 -mpopcnt -msse4.2 -mf16c -mfma -mavx -mavx2 -fvisibility=hidden  -O3 -DNDEBUG  -DNDEBUG -fPIE -o CMakeFiles/cmTC_08d11.dir/CheckIncludeFile.c.o -c /media/smile/3FA6E701592EA94E/prog/cudaAtScaleLib/gpa/third_party/bin/CMakeFiles/CMakeTmp/CheckIncludeFile.c
/media/smile/3FA6E701592EA94E/prog/cudaAtScaleLib/gpa/third_party/bin/CMakeFiles/CMakeTmp/CheckIncludeFile.c:1:10: fatal error: io.h: No such file or directory
    1 | #include <io.h>
      |          ^~~~~~
compilation terminated.
gmake[1]: *** [CMakeFiles/cmTC_08d11.dir/build.make:78: CMakeFiles/cmTC_08d11.dir/CheckIncludeFile.c.o] Error 1
gmake[1]: Leaving directory '/media/smile/3FA6E701592EA94E/prog/cudaAtScaleLib/gpa/third_party/bin/CMakeFiles/CMakeTmp'
gmake: *** [Makefile:127: cmTC_08d11/fast] Error 2



Determining size of INT8 failed with the following output:
Change Dir: /media/smile/3FA6E701592EA94E/prog/cudaAtScaleLib/gpa/third_party/bin/CMakeFiles/CMakeTmp

Run Build Command(s):/usr/bin/gmake -f Makefile cmTC_93f5b/fast && /usr/bin/gmake  -f CMakeFiles/cmTC_93f5b.dir/build.make CMakeFiles/cmTC_93f5b.dir/build
gmake[1]: Entering directory '/media/smile/3FA6E701592EA94E/prog/cudaAtScaleLib/gpa/third_party/bin/CMakeFiles/CMakeTmp'
Building C object CMakeFiles/cmTC_93f5b.dir/int8.c.o
/usr/bin/cc   -fsigned-char -W -Wall -Wreturn-type -Waddress -Wsequence-point -Wformat -Wformat-security -Wmissing-declarations -Wmissing-prototypes -Wstrict-prototypes -Wundef -Winit-self -Wpointer-arith -Wshadow -Wuninitialized -Wno-comment -Wimplicit-fallthrough=3 -Wno-strict-overflow -fdiagnostics-show-option -Wno-long-long -pthread -fomit-frame-pointer -ffunction-sections -fdata-sections  -msse -msse2 -msse3 -mssse3 -msse4.1 -mpopcnt -msse4.2 -mf16c -mfma -mavx -mavx2 -fvisibility=hidden  -O3 -DNDEBUG  -DNDEBUG -fPIE -o CMakeFiles/cmTC_93f5b.dir/int8.c.o -c /media/smile/3FA6E701592EA94E/prog/cudaAtScaleLib/gpa/third_party/bin/CMakeFiles/CheckTypeSize/int8.c
/media/smile/3FA6E701592EA94E/prog/cudaAtScaleLib/gpa/third_party/bin/CMakeFiles/CheckTypeSize/int8.c:27:22: error: ‘INT8’ undeclared here (not in a function); did you mean ‘INT8_C’?
   27 | #define SIZE (sizeof(INT8))
      |                      ^~~~
/media/smile/3FA6E701592EA94E/prog/cudaAtScaleLib/gpa/third_party/bin/CMakeFiles/CheckTypeSize/int8.c:29:12: note: in expansion of macro ‘SIZE’
   29 |   ('0' + ((SIZE / 10000)%10)),
      |            ^~~~
gmake[1]: *** [CMakeFiles/cmTC_93f5b.dir/build.make:78: CMakeFiles/cmTC_93f5b.dir/int8.c.o] Error 1
gmake[1]: Leaving directory '/media/smile/3FA6E701592EA94E/prog/cudaAtScaleLib/gpa/third_party/bin/CMakeFiles/CMakeTmp'
gmake: *** [Makefile:127: cmTC_93f5b/fast] Error 2


/media/smile/3FA6E701592EA94E/prog/cudaAtScaleLib/gpa/third_party/bin/CMakeFiles/CheckTypeSize/int8.c:
#include <sys/types.h>
#include <stdint.h>
#include <stddef.h>


#undef KEY
#if defined(__i386)
# define KEY '_','_','i','3','8','6'
#elif defined(__x86_64)
# define KEY '_','_','x','8','6','_','6','4'
#elif defined(__PPC64__)
# define KEY '_','_','P','P','C','6','4','_','_'
#elif defined(__ppc64__)
# define KEY '_','_','p','p','c','6','4','_','_'
#elif defined(__PPC__)
# define KEY '_','_','P','P','C','_','_'
#elif defined(__ppc__)
# define KEY '_','_','p','p','c','_','_'
#elif defined(__aarch64__)
# define KEY '_','_','a','a','r','c','h','6','4','_','_'
#elif defined(__ARM_ARCH_7A__)
# define KEY '_','_','A','R','M','_','A','R','C','H','_','7','A','_','_'
#elif defined(__ARM_ARCH_7S__)
# define KEY '_','_','A','R','M','_','A','R','C','H','_','7','S','_','_'
#endif

#define SIZE (sizeof(INT8))
static char info_size[] =  {'I', 'N', 'F', 'O', ':', 's','i','z','e','[',
  ('0' + ((SIZE / 10000)%10)),
  ('0' + ((SIZE / 1000)%10)),
  ('0' + ((SIZE / 100)%10)),
  ('0' + ((SIZE / 10)%10)),
  ('0' +  (SIZE    % 10)),
  ']',
#ifdef KEY
  ' ','k','e','y','[', KEY, ']',
#endif
  '\0'};

#ifdef __CLASSIC_C__
int main(argc, argv) int argc; char *argv[];
#else
int main(int argc, char *argv[])
#endif
{
  int require = 0;
  require += info_size[argc];
  (void)argv;
  return require;
}


Determining size of INT16 failed with the following output:
Change Dir: /media/smile/3FA6E701592EA94E/prog/cudaAtScaleLib/gpa/third_party/bin/CMakeFiles/CMakeTmp

Run Build Command(s):/usr/bin/gmake -f Makefile cmTC_0a074/fast && /usr/bin/gmake  -f CMakeFiles/cmTC_0a074.dir/build.make CMakeFiles/cmTC_0a074.dir/build
gmake[1]: Entering directory '/media/smile/3FA6E701592EA94E/prog/cudaAtScaleLib/gpa/third_party/bin/CMakeFiles/CMakeTmp'
Building C object CMakeFiles/cmTC_0a074.dir/int16.c.o
/usr/bin/cc   -fsigned-char -W -Wall -Wreturn-type -Waddress -Wsequence-point -Wformat -Wformat-security -Wmissing-declarations -Wmissing-prototypes -Wstrict-prototypes -Wundef -Winit-self -Wpointer-arith -Wshadow -Wuninitialized -Wno-comment -Wimplicit-fallthrough=3 -Wno-strict-overflow -fdiagnostics-show-option -Wno-long-long -pthread -fomit-frame-pointer -ffunction-sections -fdata-sections  -msse -msse2 -msse3 -mssse3 -msse4.1 -mpopcnt -msse4.2 -mf16c -mfma -mavx -mavx2 -fvisibility=hidden  -O3 -DNDEBUG  -DNDEBUG -fPIE -o CMakeFiles/cmTC_0a074.dir/int16.c.o -c /media/smile/3FA6E701592EA94E/prog/cudaAtScaleLib/gpa/third_party/bin/CMakeFiles/CheckTypeSize/int16.c
/media/smile/3FA6E701592EA94E/prog/cudaAtScaleLib/gpa/third_party/bin/CMakeFiles/CheckTypeSize/int16.c:27:22: error: ‘INT16’ undeclared here (not in a function); did you mean ‘INT16_C’?
   27 | #define SIZE (sizeof(INT16))
      |                      ^~~~~
/media/smile/3FA6E701592EA94E/prog/cudaAtScaleLib/gpa/third_party/bin/CMakeFiles/CheckTypeSize/int16.c:29:12: note: in expansion of macro ‘SIZE’
   29 |   ('0' + ((SIZE / 10000)%10)),
      |            ^~~~
gmake[1]: *** [CMakeFiles/cmTC_0a074.dir/build.make:78: CMakeFiles/cmTC_0a074.dir/int16.c.o] Error 1
gmake[1]: Leaving directory '/media/smile/3FA6E701592EA94E/prog/cudaAtScaleLib/gpa/third_party/bin/CMakeFiles/CMakeTmp'
gmake: *** [Makefile:127: cmTC_0a074/fast] Error 2


/media/smile/3FA6E701592EA94E/prog/cudaAtScaleLib/gpa/third_party/bin/CMakeFiles/CheckTypeSize/int16.c:
#include <sys/types.h>
#include <stdint.h>
#include <stddef.h>


#undef KEY
#if defined(__i386)
# define KEY '_','_','i','3','8','6'
#elif defined(__x86_64)
# define KEY '_','_','x','8','6','_','6','4'
#elif defined(__PPC64__)
# define KEY '_','_','P','P','C','6','4','_','_'
#elif defined(__ppc64__)
# define KEY '_','_','p','p','c','6','4','_','_'
#elif defined(__PPC__)
# define KEY '_','_','P','P','C','_','_'
#elif defined(__ppc__)
# define KEY '_','_','p','p','c','_','_'
#elif defined(__aarch64__)
# define KEY '_','_','a','a','r','c','h','6','4','_','_'
#elif defined(__ARM_ARCH_7A__)
# define KEY '_','_','A','R','M','_','A','R','C','H','_','7','A','_','_'
#elif defined(__ARM_ARCH_7S__)
# define KEY '_','_','A','R','M','_','A','R','C','H','_','7','S','_','_'
#endif

#define SIZE (sizeof(INT16))
static char info_size[] =  {'I', 'N', 'F', 'O', ':', 's','i','z','e','[',
  ('0' + ((SIZE / 10000)%10)),
  ('0' + ((SIZE / 1000)%10)),
  ('0' + ((SIZE / 100)%10)),
  ('0' + ((SIZE / 10)%10)),
  ('0' +  (SIZE    % 10)),
  ']',
#ifdef KEY
  ' ','k','e','y','[', KEY, ']',
#endif
  '\0'};

#ifdef __CLASSIC_C__
int main(argc, argv) int argc; char *argv[];
#else
int main(int argc, char *argv[])
#endif
{
  int require = 0;
  require += info_size[argc];
  (void)argv;
  return require;
}


Determining size of INT32 failed with the following output:
Change Dir: /media/smile/3FA6E701592EA94E/prog/cudaAtScaleLib/gpa/third_party/bin/CMakeFiles/CMakeTmp

Run Build Command(s):/usr/bin/gmake -f Makefile cmTC_afc85/fast && /usr/bin/gmake  -f CMakeFiles/cmTC_afc85.dir/build.make CMakeFiles/cmTC_afc85.dir/build
gmake[1]: Entering directory '/media/smile/3FA6E701592EA94E/prog/cudaAtScaleLib/gpa/third_party/bin/CMakeFiles/CMakeTmp'
Building C object CMakeFiles/cmTC_afc85.dir/int32.c.o
/usr/bin/cc   -fsigned-char -W -Wall -Wreturn-type -Waddress -Wsequence-point -Wformat -Wformat-security -Wmissing-declarations -Wmissing-prototypes -Wstrict-prototypes -Wundef -Winit-self -Wpointer-arith -Wshadow -Wuninitialized -Wno-comment -Wimplicit-fallthrough=3 -Wno-strict-overflow -fdiagnostics-show-option -Wno-long-long -pthread -fomit-frame-pointer -ffunction-sections -fdata-sections  -msse -msse2 -msse3 -mssse3 -msse4.1 -mpopcnt -msse4.2 -mf16c -mfma -mavx -mavx2 -fvisibility=hidden  -O3 -DNDEBUG  -DNDEBUG -fPIE -o CMakeFiles/cmTC_afc85.dir/int32.c.o -c /media/smile/3FA6E701592EA94E/prog/cudaAtScaleLib/gpa/third_party/bin/CMakeFiles/CheckTypeSize/int32.c
/media/smile/3FA6E701592EA94E/prog/cudaAtScaleLib/gpa/third_party/bin/CMakeFiles/CheckTypeSize/int32.c:27:22: error: ‘INT32’ undeclared here (not in a function); did you mean ‘INT32_C’?
   27 | #define SIZE (sizeof(INT32))
      |                      ^~~~~
/media/smile/3FA6E701592EA94E/prog/cudaAtScaleLib/gpa/third_party/bin/CMakeFiles/CheckTypeSize/int32.c:29:12: note: in expansion of macro ‘SIZE’
   29 |   ('0' + ((SIZE / 10000)%10)),
      |            ^~~~
gmake[1]: *** [CMakeFiles/cmTC_afc85.dir/build.make:78: CMakeFiles/cmTC_afc85.dir/int32.c.o] Error 1
gmake[1]: Leaving directory '/media/smile/3FA6E701592EA94E/prog/cudaAtScaleLib/gpa/third_party/bin/CMakeFiles/CMakeTmp'
gmake: *** [Makefile:127: cmTC_afc85/fast] Error 2


/media/smile/3FA6E701592EA94E/prog/cudaAtScaleLib/gpa/third_party/bin/CMakeFiles/CheckTypeSize/int32.c:
#include <sys/types.h>
#include <stdint.h>
#include <stddef.h>


#undef KEY
#if defined(__i386)
# define KEY '_','_','i','3','8','6'
#elif defined(__x86_64)
# define KEY '_','_','x','8','6','_','6','4'
#elif defined(__PPC64__)
# define KEY '_','_','P','P','C','6','4','_','_'
#elif defined(__ppc64__)
# define KEY '_','_','p','p','c','6','4','_','_'
#elif defined(__PPC__)
# define KEY '_','_','P','P','C','_','_'
#elif defined(__ppc__)
# define KEY '_','_','p','p','c','_','_'
#elif defined(__aarch64__)
# define KEY '_','_','a','a','r','c','h','6','4','_','_'
#elif defined(__ARM_ARCH_7A__)
# define KEY '_','_','A','R','M','_','A','R','C','H','_','7','A','_','_'
#elif defined(__ARM_ARCH_7S__)
# define KEY '_','_','A','R','M','_','A','R','C','H','_','7','S','_','_'
#endif

#define SIZE (sizeof(INT32))
static char info_size[] =  {'I', 'N', 'F', 'O', ':', 's','i','z','e','[',
  ('0' + ((SIZE / 10000)%10)),
  ('0' + ((SIZE / 1000)%10)),
  ('0' + ((SIZE / 100)%10)),
  ('0' + ((SIZE / 10)%10)),
  ('0' +  (SIZE    % 10)),
  ']',
#ifdef KEY
  ' ','k','e','y','[', KEY, ']',
#endif
  '\0'};

#ifdef __CLASSIC_C__
int main(argc, argv) int argc; char *argv[];
#else
int main(int argc, char *argv[])
#endif
{
  int require = 0;
  require += info_size[argc];
  (void)argv;
  return require;
}


Determining if the function setmode exists failed with the following output:
Change Dir: /media/smile/3FA6E701592EA94E/prog/cudaAtScaleLib/gpa/third_party/bin/CMakeFiles/CMakeTmp

Run Build Command(s):/usr/bin/gmake -f Makefile cmTC_9df4c/fast && /usr/bin/gmake  -f CMakeFiles/cmTC_9df4c.dir/build.make CMakeFiles/cmTC_9df4c.dir/build
gmake[1]: Entering directory '/media/smile/3FA6E701592EA94E/prog/cudaAtScaleLib/gpa/third_party/bin/CMakeFiles/CMakeTmp'
Building C object CMakeFiles/cmTC_9df4c.dir/CheckFunctionExists.c.o
/usr/bin/cc   -fsigned-char -W -Wall -Wreturn-type -Waddress -Wsequence-point -Wformat -Wformat-security -Wmissing-declarations -Wmissing-prototypes -Wstrict-prototypes -Wundef -Winit-self -Wpointer-arith -Wshadow -Wuninitialized -Wno-comment -Wimplicit-fallthrough=3 -Wno-strict-overflow -fdiagnostics-show-option -Wno-long-long -pthread -fomit-frame-pointer -ffunction-sections -fdata-sections  -msse -msse2 -msse3 -mssse3 -msse4.1 -mpopcnt -msse4.2 -mf16c -mfma -mavx -mavx2 -fvisibility=hidden -DCHECK_FUNCTION_EXISTS=setmode -O3 -DNDEBUG  -DNDEBUG -fPIE -o CMakeFiles/cmTC_9df4c.dir/CheckFunctionExists.c.o -c /usr/share/cmake-3.24/Modules/CheckFunctionExists.c
Linking C executable cmTC_9df4c
/usr/bin/cmake -E cmake_link_script CMakeFiles/cmTC_9df4c.dir/link.txt --verbose=1
/usr/bin/cc    -fsigned-char -W -Wall -Wreturn-type -Waddress -Wsequence-point -Wformat -Wformat-security -Wmissing-declarations -Wmissing-prototypes -Wstrict-prototypes -Wundef -Winit-self -Wpointer-arith -Wshadow -Wuninitialized -Wno-comment -Wimplicit-fallthrough=3 -Wno-strict-overflow -fdiagnostics-show-option -Wno-long-long -pthread -fomit-frame-pointer -ffunction-sections -fdata-sections  -msse -msse2 -msse3 -mssse3 -msse4.1 -mpopcnt -msse4.2 -mf16c -mfma -mavx -mavx2 -fvisibility=hidden -DCHECK_FUNCTION_EXISTS=setmode -O3 -DNDEBUG  -DNDEBUG   -Wl,--gc-sections -Wl,--as-needed -Wl,--no-undefined  CMakeFiles/cmTC_9df4c.dir/CheckFunctionExists.c.o -o cmTC_9df4c 
/usr/bin/ld: CMakeFiles/cmTC_9df4c.dir/CheckFunctionExists.c.o: in function `main':
CheckFunctionExists.c:(.text.startup.main+0x10): undefined reference to `setmode'
collect2: error: ld returned 1 exit status
gmake[1]: *** [CMakeFiles/cmTC_9df4c.dir/build.make:99: cmTC_9df4c] Error 1
gmake[1]: Leaving directory '/media/smile/3FA6E701592EA94E/prog/cudaAtScaleLib/gpa/third_party/bin/CMakeFiles/CMakeTmp'
gmake: *** [Makefile:127: cmTC_9df4c/fast] Error 2



Build output check failed:
    Regex: 'command[- ]line option .* is valid for .* but not for C\+\+'
    Output line: 'cc1plus: warning: command-line option ‘-Wno-missing-prototypes’ is valid for C/ObjC but not for C++'
Compilation failed:
    source file: '/media/smile/3FA6E701592EA94E/prog/cudaAtScaleLib/gpa/third_party/bin/CMakeFiles/CMakeTmp/src.cxx'
    check option: ' -Wno-missing-prototypes'
===== BUILD LOG =====
Change Dir: /media/smile/3FA6E701592EA94E/prog/cudaAtScaleLib/gpa/third_party/bin/CMakeFiles/CMakeTmp

Run Build Command(s):/usr/bin/gmake -f Makefile cmTC_e12f1/fast && /usr/bin/gmake  -f CMakeFiles/cmTC_e12f1.dir/build.make CMakeFiles/cmTC_e12f1.dir/build
gmake[1]: Entering directory '/media/smile/3FA6E701592EA94E/prog/cudaAtScaleLib/gpa/third_party/bin/CMakeFiles/CMakeTmp'
Building CXX object CMakeFiles/cmTC_e12f1.dir/src.cxx.o
/usr/bin/c++   -fsigned-char -W -Wall -Wreturn-type -Wnon-virtual-dtor -Waddress -Wsequence-point -Wformat -Wformat-security -Wundef -Winit-self -Wpointer-arith -Wshadow -Wsign-promo -Wuninitialized -Wsuggest-override -Wno-delete-non-virtual-dtor -Wno-comment -Wimplicit-fallthrough=3 -Wno-strict-overflow -fdiagnostics-show-option -Wno-long-long -pthread -fomit-frame-pointer -ffunction-sections -fdata-sections  -msse -msse2 -msse3 -mssse3 -msse4.1 -mpopcnt -msse4.2 -mf16c -mfma -mavx -mavx2 -fvisibility=hidden -fvisibility-inlines-hidden -Wno-missing-declarations -Wno-unused-parameter  -O3 -DNDEBUG  -DNDEBUG -fPIE    -Wno-missing-prototypes -std=c++11 -o CMakeFiles/cmTC_e12f1.dir/src.cxx.o -c /media/smile/3FA6E701592EA94E/prog/cudaAtScaleLib/gpa/third_party/bin/CMakeFiles/CMakeTmp/src.cxx
cc1plus: warning: command-line option ‘-Wno-missing-prototypes’ is valid for C/ObjC but not for C++
/media/smile/3FA6E701592EA94E/prog/cudaAtScaleLib/gpa/third_party/bin/CMakeFiles/CMakeTmp/src.cxx:1: warning: ignoring ‘#pragma  ’ [-Wunknown-pragmas]
    1 | #pragma
      | 
Linking CXX executable cmTC_e12f1
/usr/bin/cmake -E cmake_link_script CMakeFiles/cmTC_e12f1.dir/link.txt --verbose=1
/usr/bin/c++    -fsigned-char -W -Wall -Wreturn-type -Wnon-virtual-dtor -Waddress -Wsequence-point -Wformat -Wformat-security -Wundef -Winit-self -Wpointer-arith -Wshadow -Wsign-promo -Wuninitialized -Wsuggest-override -Wno-delete-non-virtual-dtor -Wno-comment -Wimplicit-fallthrough=3 -Wno-strict-overflow -fdiagnostics-show-option -Wno-long-long -pthread -fomit-frame-pointer -ffunction-sections -fdata-sections  -msse -msse2 -msse3 -mssse3 -msse4.1 -mpopcnt -msse4.2 -mf16c -mfma -mavx -mavx2 -fvisibility=hidden -fvisibility-inlines-hidden -Wno-missing-declarations -Wno-unused-parameter  -O3 -DNDEBUG  -DNDEBUG   -Wl,--gc-sections -Wl,--as-needed -Wl,--no-undefined  CMakeFiles/cmTC_e12f1.dir/src.cxx.o -o cmTC_e12f1 
gmake[1]: Leaving directory '/media/smile/3FA6E701592EA94E/prog/cudaAtScaleLib/gpa/third_party/bin/CMakeFiles/CMakeTmp'


===== END =====

Build output check failed:
    Regex: 'unrecognized .*option'
    Output line: 'cc1: note: unrecognized command-line option ‘-Wno-implicit-const-int-float-conversion’ may have been intended to silence earlier diagnostics'
Compilation failed:
    source file: '/media/smile/3FA6E701592EA94E/prog/cudaAtScaleLib/gpa/third_party/bin/CMakeFiles/CMakeTmp/src.c'
    check option: ' -Wno-implicit-const-int-float-conversion'
===== BUILD LOG =====
Change Dir: /media/smile/3FA6E701592EA94E/prog/cudaAtScaleLib/gpa/third_party/bin/CMakeFiles/CMakeTmp

Run Build Command(s):/usr/bin/gmake -f Makefile cmTC_d4d3a/fast && /usr/bin/gmake  -f CMakeFiles/cmTC_d4d3a.dir/build.make CMakeFiles/cmTC_d4d3a.dir/build
gmake[1]: Entering directory '/media/smile/3FA6E701592EA94E/prog/cudaAtScaleLib/gpa/third_party/bin/CMakeFiles/CMakeTmp'
Building C object CMakeFiles/cmTC_d4d3a.dir/src.c.o
/usr/bin/cc   -fsigned-char -W -Wall -Wreturn-type -Waddress -Wsequence-point -Wformat -Wformat-security -Wmissing-declarations -Wmissing-prototypes -Wstrict-prototypes -Wundef -Winit-self -Wpointer-arith -Wshadow -Wuninitialized -Wno-comment -Wimplicit-fallthrough=3 -Wno-strict-overflow -fdiagnostics-show-option -Wno-long-long -pthread -fomit-frame-pointer -ffunction-sections -fdata-sections  -msse -msse2 -msse3 -mssse3 -msse4.1 -mpopcnt -msse4.2 -mf16c -mfma -mavx -mavx2 -fvisibility=hidden  -O3 -DNDEBUG  -DNDEBUG -fPIE    -Wno-implicit-const-int-float-conversion -o CMakeFiles/cmTC_d4d3a.dir/src.c.o -c /media/smile/3FA6E701592EA94E/prog/cudaAtScaleLib/gpa/third_party/bin/CMakeFiles/CMakeTmp/src.c
/media/smile/3FA6E701592EA94E/prog/cudaAtScaleLib/gpa/third_party/bin/CMakeFiles/CMakeTmp/src.c:1: warning: ignoring ‘#pragma  ’ [-Wunknown-pragmas]
    1 | #pragma
      | 
cc1: note: unrecognized command-line option ‘-Wno-implicit-const-int-float-conversion’ may have been intended to silence earlier diagnostics
Linking C executable cmTC_d4d3a
/usr/bin/cmake -E cmake_link_script CMakeFiles/cmTC_d4d3a.dir/link.txt --verbose=1
/usr/bin/cc    -fsigned-char -W -Wall -Wreturn-type -Waddress -Wsequence-point -Wformat -Wformat-security -Wmissing-declarations -Wmissing-prototypes -Wstrict-prototypes -Wundef -Winit-self -Wpointer-arith -Wshadow -Wuninitialized -Wno-comment -Wimplicit-fallthrough=3 -Wno-strict-overflow -fdiagnostics-show-option -Wno-long-long -pthread -fomit-frame-pointer -ffunction-sections -fdata-sections  -msse -msse2 -msse3 -mssse3 -msse4.1 -mpopcnt -msse4.2 -mf16c -mfma -mavx -mavx2 -fvisibility=hidden  -O3 -DNDEBUG  -DNDEBUG   -Wl,--gc-sections -Wl,--as-needed -Wl,--no-undefined  CMakeFiles/cmTC_d4d3a.dir/src.c.o -o cmTC_d4d3a 
gmake[1]: Leaving directory '/media/smile/3FA6E701592EA94E/prog/cudaAtScaleLib/gpa/third_party/bin/CMakeFiles/CMakeTmp'


===== END =====

Determining if the _aligned_malloc exist failed with the following output:
Change Dir: /media/smile/3FA6E701592EA94E/prog/cudaAtScaleLib/gpa/third_party/bin/CMakeFiles/CMakeTmp

Run Build Command(s):/usr/bin/gmake -f Makefile cmTC_3e802/fast && /usr/bin/gmake  -f CMakeFiles/cmTC_3e802.dir/build.make CMakeFiles/cmTC_3e802.dir/build
gmake[1]: Entering directory '/media/smile/3FA6E701592EA94E/prog/cudaAtScaleLib/gpa/third_party/bin/CMakeFiles/CMakeTmp'
Building C object CMakeFiles/cmTC_3e802.dir/CheckSymbolExists.c.o
/usr/bin/cc   -fsigned-char -W -Wall -Wreturn-type -Waddress -Wsequence-point -Wformat -Wformat-security -Wstrict-prototypes -Wundef -Winit-self -Wpointer-arith -Wshadow -Wuninitialized -Wno-comment -Wimplicit-fallthrough=3 -Wno-strict-overflow -fdiagnostics-show-option -Wno-long-long -pthread -fomit-frame-pointer -ffunction-sections -fdata-sections  -msse -msse2 -msse3 -mssse3 -msse4.1 -mpopcnt -msse4.2 -mf16c -mfma -mavx -mavx2 -fvisibility=hidden -Wno-unused-but-set-variable -Wno-missing-prototypes -Wno-missing-declarations  -O3 -DNDEBUG  -DNDEBUG -fPIE -o CMakeFiles/cmTC_3e802.dir/CheckSymbolExists.c.o -c /media/smile/3FA6E701592EA94E/prog/cudaAtScaleLib/gpa/third_party/bin/CMakeFiles/CMakeTmp/CheckSymbolExists.c
/media/smile/3FA6E701592EA94E/prog/cudaAtScaleLib/gpa/third_party/bin/CMakeFiles/CMakeTmp/CheckSymbolExists.c: In function ‘main’:
/media/smile/3FA6E701592EA94E/prog/cudaAtScaleLib/gpa/third_party/bin/CMakeFiles/CMakeTmp/CheckSymbolExists.c:8:19: error: ‘_aligned_malloc’ undeclared (first use in this function)
    8 |   return ((int*)(&_aligned_malloc))[argc];
      |                   ^~~~~~~~~~~~~~~
/media/smile/3FA6E701592EA94E/prog/cudaAtScaleLib/gpa/third_party/bin/CMakeFiles/CMakeTmp/CheckSymbolExists.c:8:19: note: each undeclared identifier is reported only once for each function it appears in
/media/smile/3FA6E701592EA94E/prog/cudaAtScaleLib/gpa/third_party/bin/CMakeFiles/CMakeTmp/CheckSymbolExists.c:4:14: warning: parameter ‘argc’ set but not used [-Wunused-but-set-parameter]
    4 | int main(int argc, char** argv)
      |          ~~~~^~~~
gmake[1]: *** [CMakeFiles/cmTC_3e802.dir/build.make:78: CMakeFiles/cmTC_3e802.dir/CheckSymbolExists.c.o] Error 1
gmake[1]: Leaving directory '/media/smile/3FA6E701592EA94E/prog/cudaAtScaleLib/gpa/third_party/bin/CMakeFiles/CMakeTmp'
gmake: *** [Makefile:127: cmTC_3e802/fast] Error 2


File /media/smile/3FA6E701592EA94E/prog/cudaAtScaleLib/gpa/third_party/bin/CMakeFiles/CMakeTmp/CheckSymbolExists.c:
/* */
#include <malloc.h>

int main(int argc, char** argv)
{
  (void)argv;
#ifndef _aligned_malloc
  return ((int*)(&_aligned_malloc))[argc];
#else
  (void)argc;
  return 0;
#endif
}
Build output check failed:
    Regex: 'unrecognized .*option'
    Output line: 'cc1: note: unrecognized command-line option ‘-Wno-null-pointer-subtraction’ may have been intended to silence earlier diagnostics'
Compilation failed:
    source file: '/media/smile/3FA6E701592EA94E/prog/cudaAtScaleLib/gpa/third_party/bin/CMakeFiles/CMakeTmp/src.c'
    check option: ' -Wno-null-pointer-subtraction'
===== BUILD LOG =====
Change Dir: /media/smile/3FA6E701592EA94E/prog/cudaAtScaleLib/gpa/third_party/bin/CMakeFiles/CMakeTmp

Run Build Command(s):/usr/bin/gmake -f Makefile cmTC_c4898/fast && /usr/bin/gmake  -f CMakeFiles/cmTC_c4898.dir/build.make CMakeFiles/cmTC_c4898.dir/build
gmake[1]: Entering directory '/media/smile/3FA6E701592EA94E/prog/cudaAtScaleLib/gpa/third_party/bin/CMakeFiles/CMakeTmp'
Building C object CMakeFiles/cmTC_c4898.dir/src.c.o
/usr/bin/cc   -fsigned-char -W -Wall -Wreturn-type -Waddress -Wsequence-point -Wformat -Wformat-security -Wmissing-declarations -Wmissing-prototypes -Wstrict-prototypes -Winit-self -Wpointer-arith -Wshadow -Wuninitialized -Wno-comment -Wno-strict-overflow -fdiagnostics-show-option -Wno-long-long -pthread -fomit-frame-pointer -ffunction-sections -fdata-sections  -msse -msse2 -msse3 -mssse3 -msse4.1 -mpopcnt -msse4.2 -mf16c -mfma -mavx -mavx2 -fvisibility=hidden -Wno-undef -Wno-cast-align -Wno-implicit-fallthrough -Wno-unused-parameter -Wno-sign-compare -Wno-maybe-uninitialized  -O3 -DNDEBUG  -DNDEBUG -fPIE    -Wno-null-pointer-subtraction -o CMakeFiles/cmTC_c4898.dir/src.c.o -c /media/smile/3FA6E701592EA94E/prog/cudaAtScaleLib/gpa/third_party/bin/CMakeFiles/CMakeTmp/src.c
/media/smile/3FA6E701592EA94E/prog/cudaAtScaleLib/gpa/third_party/bin/CMakeFiles/CMakeTmp/src.c:1: warning: ignoring ‘#pragma  ’ [-Wunknown-pragmas]
    1 | #pragma
      | 
cc1: note: unrecognized command-line option ‘-Wno-null-pointer-subtraction’ may have been intended to silence earlier diagnostics
Linking C executable cmTC_c4898
/usr/bin/cmake -E cmake_link_script CMakeFiles/cmTC_c4898.dir/link.txt --verbose=1
/usr/bin/cc    -fsigned-char -W -Wall -Wreturn-type -Waddress -Wsequence-point -Wformat -Wformat-security -Wmissing-declarations -Wmissing-prototypes -Wstrict-prototypes -Winit-self -Wpointer-arith -Wshadow -Wuninitialized -Wno-comment -Wno-strict-overflow -fdiagnostics-show-option -Wno-long-long -pthread -fomit-frame-pointer -ffunction-sections -fdata-sections  -msse -msse2 -msse3 -mssse3 -msse4.1 -mpopcnt -msse4.2 -mf16c -mfma -mavx -mavx2 -fvisibility=hidden -Wno-undef -Wno-cast-align -Wno-implicit-fallthrough -Wno-unused-parameter -Wno-sign-compare -Wno-maybe-uninitialized  -O3 -DNDEBUG  -DNDEBUG   -Wl,--gc-sections -Wl,--as-needed -Wl,--no-undefined  CMakeFiles/cmTC_c4898.dir/src.c.o -o cmTC_c4898 
gmake[1]: Leaving directory '/media/smile/3FA6E701592EA94E/prog/cudaAtScaleLib/gpa/third_party/bin/CMakeFiles/CMakeTmp'


===== END =====

Build output check failed:
    Regex: 'unrecognized .*option'
    Output line: 'cc1plus: note: unrecognized command-line option ‘-Wno-inconsistent-missing-override’ may have been intended to silence earlier diagnostics'
Compilation failed:
    source file: '/media/smile/3FA6E701592EA94E/prog/cudaAtScaleLib/gpa/third_party/bin/CMakeFiles/CMakeTmp/src.cxx'
    check option: ' -Wno-inconsistent-missing-override'
===== BUILD LOG =====
Change Dir: /media/smile/3FA6E701592EA94E/prog/cudaAtScaleLib/gpa/third_party/bin/CMakeFiles/CMakeTmp

Run Build Command(s):/usr/bin/gmake -f Makefile cmTC_a438e/fast && /usr/bin/gmake  -f CMakeFiles/cmTC_a438e.dir/build.make CMakeFiles/cmTC_a438e.dir/build
gmake[1]: Entering directory '/media/smile/3FA6E701592EA94E/prog/cudaAtScaleLib/gpa/third_party/bin/CMakeFiles/CMakeTmp'
Building CXX object CMakeFiles/cmTC_a438e.dir/src.cxx.o
/usr/bin/c++   -fsigned-char -W -Wall -Wreturn-type -Wnon-virtual-dtor -Waddress -Wsequence-point -Wformat -Wformat-security -Winit-self -Wpointer-arith -Wsign-promo -Wno-delete-non-virtual-dtor -Wno-comment -Wimplicit-fallthrough=3 -Wno-strict-overflow -fdiagnostics-show-option -Wno-long-long -pthread -fomit-frame-pointer -ffunction-sections -fdata-sections  -msse -msse2 -msse3 -mssse3 -msse4.1 -mpopcnt -msse4.2 -mf16c -mfma -mavx -mavx2 -fvisibility=hidden -fvisibility-inlines-hidden -Wno-shadow -Wno-unused -Wno-sign-compare -Wno-undef -Wno-missing-declarations -Wno-uninitialized -Wno-switch -Wno-parentheses -Wno-array-bounds -Wno-extra -Wno-deprecated-declarations -Wno-misleading-indentation -Wno-deprecated -Wno-suggest-override  -O3 -DNDEBUG  -DNDEBUG -fPIE    -Wno-inconsistent-missing-override -std=c++11 -o CMakeFiles/cmTC_a438e.dir/src.cxx.o -c /media/smile/3FA6E701592EA94E/prog/cudaAtScaleLib/gpa/third_party/bin/CMakeFiles/CMakeTmp/src.cxx
/media/smile/3FA6E701592EA94E/prog/cudaAtScaleLib/gpa/third_party/bin/CMakeFiles/CMakeTmp/src.cxx:1: warning: ignoring ‘#pragma  ’ [-Wunknown-pragmas]
    1 | #pragma
      | 
cc1plus: note: unrecognized command-line option ‘-Wno-inconsistent-missing-override’ may have been intended to silence earlier diagnostics
Linking CXX executable cmTC_a438e
/usr/bin/cmake -E cmake_link_script CMakeFiles/cmTC_a438e.dir/link.txt --verbose=1
/usr/bin/c++    -fsigned-char -W -Wall -Wreturn-type -Wnon-virtual-dtor -Waddress -Wsequence-point -Wformat -Wformat-security -Winit-self -Wpointer-arith -Wsign-promo -Wno-delete-non-virtual-dtor -Wno-comment -Wimplicit-fallthrough=3 -Wno-strict-overflow -fdiagnostics-show-option -Wno-long-long -pthread -fomit-frame-pointer -ffunction-sections -fdata-sections  -msse -msse2 -msse3 -mssse3 -msse4.1 -mpopcnt -msse4.2 -mf16c -mfma -mavx -mavx2 -fvisibility=hidden -fvisibility-inlines-hidden -Wno-shadow -Wno-unused -Wno-sign-compare -Wno-undef -Wno-missing-declarations -Wno-uninitialized -Wno-switch -Wno-parentheses -Wno-array-bounds -Wno-extra -Wno-deprecated-declarations -Wno-misleading-indentation -Wno-deprecated -Wno-suggest-override  -O3 -DNDEBUG  -DNDEBUG   -Wl,--gc-sections -Wl,--as-needed -Wl,--no-undefined  CMakeFiles/cmTC_a438e.dir/src.cxx.o -o cmTC_a438e 
gmake[1]: Leaving directory '/media/smile/3FA6E701592EA94E/prog/cudaAtScaleLib/gpa/third_party/bin/CMakeFiles/CMakeTmp'


===== END =====

Build output check failed:
    Regex: 'unrecognized .*option'
    Output line: 'cc1plus: note: unrecognized command-line option ‘-Wno-implicit-const-int-float-conversion’ may have been intended to silence earlier diagnostics'
Compilation failed:
    source file: '/media/smile/3FA6E701592EA94E/prog/cudaAtScaleLib/gpa/third_party/bin/CMakeFiles/CMakeTmp/src.cxx'
    check option: ' -Wno-implicit-const-int-float-conversion'
===== BUILD LOG =====
Change Dir: /media/smile/3FA6E701592EA94E/prog/cudaAtScaleLib/gpa/third_party/bin/CMakeFiles/CMakeTmp

Run Build Command(s):/usr/bin/gmake -f Makefile cmTC_2ef47/fast && /usr/bin/gmake  -f CMakeFiles/cmTC_2ef47.dir/build.make CMakeFiles/cmTC_2ef47.dir/build
gmake[1]: Entering directory '/media/smile/3FA6E701592EA94E/prog/cudaAtScaleLib/gpa/third_party/bin/CMakeFiles/CMakeTmp'
Building CXX object CMakeFiles/cmTC_2ef47.dir/src.cxx.o
/usr/bin/c++   -fsigned-char -W -Wall -Wreturn-type -Wnon-virtual-dtor -Waddress -Wsequence-point -Wformat -Wformat-security -Winit-self -Wpointer-arith -Wsign-promo -Wno-delete-non-virtual-dtor -Wno-comment -Wno-strict-overflow -fdiagnostics-show-option -Wno-long-long -pthread -fomit-frame-pointer -ffunction-sections -fdata-sections  -msse -msse2 -msse3 -mssse3 -msse4.1 -mpopcnt -msse4.2 -mf16c -mfma -mavx -mavx2 -fvisibility=hidden -fvisibility-inlines-hidden -Wno-shadow -Wno-unused -Wno-sign-compare -Wno-undef -Wno-missing-declarations -Wno-uninitialized -Wno-switch -Wno-parentheses -Wno-array-bounds -Wno-extra -Wno-deprecated-declarations -Wno-misleading-indentation -Wno-deprecated -Wno-suggest-override -Wno-implicit-fallthrough -Wno-tautological-compare -Wno-reorder -Wno-unused-result  -O3 -DNDEBUG  -DNDEBUG -fPIE    -Wno-implicit-const-int-float-conversion -std=c++11 -o CMakeFiles/cmTC_2ef47.dir/src.cxx.o -c /media/smile/3FA6E701592EA94E/prog/cudaAtScaleLib/gpa/third_party/bin/CMakeFiles/CMakeTmp/src.cxx
/media/smile/3FA6E701592EA94E/prog/cudaAtScaleLib/gpa/third_party/bin/CMakeFiles/CMakeTmp/src.cxx:1: warning: ignoring ‘#pragma  ’ [-Wunknown-pragmas]
    1 | #pragma
      | 
cc1plus: note: unrecognized command-line option ‘-Wno-implicit-const-int-float-conversion’ may have been intended to silence earlier diagnostics
Linking CXX executable cmTC_2ef47
/usr/bin/cmake -E cmake_link_script CMakeFiles/cmTC_2ef47.dir/link.txt --verbose=1
/usr/bin/c++    -fsigned-char -W -Wall -Wreturn-type -Wnon-virtual-dtor -Waddress -Wsequence-point -Wformat -Wformat-security -Winit-self -Wpointer-arith -Wsign-promo -Wno-delete-non-virtual-dtor -Wno-comment -Wno-strict-overflow -fdiagnostics-show-option -Wno-long-long -pthread -fomit-frame-pointer -ffunction-sections -fdata-sections  -msse -msse2 -msse3 -mssse3 -msse4.1 -mpopcnt -msse4.2 -mf16c -mfma -mavx -mavx2 -fvisibility=hidden -fvisibility-inlines-hidden -Wno-shadow -Wno-unused -Wno-sign-compare -Wno-undef -Wno-missing-declarations -Wno-uninitialized -Wno-switch -Wno-parentheses -Wno-array-bounds -Wno-extra -Wno-deprecated-declarations -Wno-misleading-indentation -Wno-deprecated -Wno-suggest-override -Wno-implicit-fallthrough -Wno-tautological-compare -Wno-reorder -Wno-unused-result  -O3 -DNDEBUG  -DNDEBUG   -Wl,--gc-sections -Wl,--as-needed -Wl,--no-undefined  CMakeFiles/cmTC_2ef47.dir/src.cxx.o -o cmTC_2ef47 
gmake[1]: Leaving directory '/media/smile/3FA6E701592EA94E/prog/cudaAtScaleLib/gpa/third_party/bin/CMakeFiles/CMakeTmp'


===== END =====

Determining if the function sgemm_ exists failed with the following output:
Change Dir: /media/smile/3FA6E701592EA94E/prog/cudaAtScaleLib/gpa/third_party/bin/CMakeFiles/CMakeTmp

Run Build Command(s):/usr/bin/gmake -f Makefile cmTC_bed77/fast && /usr/bin/gmake  -f CMakeFiles/cmTC_bed77.dir/build.make CMakeFiles/cmTC_bed77.dir/build
gmake[1]: Entering directory '/media/smile/3FA6E701592EA94E/prog/cudaAtScaleLib/gpa/third_party/bin/CMakeFiles/CMakeTmp'
Building C object CMakeFiles/cmTC_bed77.dir/CheckFunctionExists.c.o
/usr/bin/cc   -fsigned-char -W -Wall -Wreturn-type -Waddress -Wsequence-point -Wformat -Wformat-security -Wmissing-declarations -Wmissing-prototypes -Wstrict-prototypes -Wundef -Winit-self -Wpointer-arith -Wshadow -Wuninitialized -Wno-comment -Wimplicit-fallthrough=3 -Wno-strict-overflow -fdiagnostics-show-option -Wno-long-long -pthread -fomit-frame-pointer -ffunction-sections -fdata-sections  -msse -msse2 -msse3 -mssse3 -msse4.1 -mpopcnt -msse4.2 -mf16c -mfma -mavx -mavx2 -fvisibility=hidden -DCHECK_FUNCTION_EXISTS=sgemm_ -O3 -DNDEBUG  -DNDEBUG -fPIE -o CMakeFiles/cmTC_bed77.dir/CheckFunctionExists.c.o -c /usr/share/cmake-3.24/Modules/CheckFunctionExists.c
Linking C executable cmTC_bed77
/usr/bin/cmake -E cmake_link_script CMakeFiles/cmTC_bed77.dir/link.txt --verbose=1
/usr/bin/cc    -fsigned-char -W -Wall -Wreturn-type -Waddress -Wsequence-point -Wformat -Wformat-security -Wmissing-declarations -Wmissing-prototypes -Wstrict-prototypes -Wundef -Winit-self -Wpointer-arith -Wshadow -Wuninitialized -Wno-comment -Wimplicit-fallthrough=3 -Wno-strict-overflow -fdiagnostics-show-option -Wno-long-long -pthread -fomit-frame-pointer -ffunction-sections -fdata-sections  -msse -msse2 -msse3 -mssse3 -msse4.1 -mpopcnt -msse4.2 -mf16c -mfma -mavx -mavx2 -fvisibility=hidden -DCHECK_FUNCTION_EXISTS=sgemm_ -O3 -DNDEBUG  -DNDEBUG   -Wl,--gc-sections -Wl,--as-needed -Wl,--no-undefined  CMakeFiles/cmTC_bed77.dir/CheckFunctionExists.c.o -o cmTC_bed77 
/usr/bin/ld: CMakeFiles/cmTC_bed77.dir/CheckFunctionExists.c.o: in function `main':
CheckFunctionExists.c:(.text.startup.main+0x10): undefined reference to `sgemm_'
collect2: error: ld returned 1 exit status
gmake[1]: *** [CMakeFiles/cmTC_bed77.dir/build.make:99: cmTC_bed77] Error 1
gmake[1]: Leaving directory '/media/smile/3FA6E701592EA94E/prog/cudaAtScaleLib/gpa/third_party/bin/CMakeFiles/CMakeTmp'
gmake: *** [Makefile:127: cmTC_bed77/fast] Error 2



